[    0.000000] Initializing cgroup subsys cpuset
[    0.000000] Initializing cgroup subsys cpu
[    0.000000] Initializing cgroup subsys cpuacct
[    0.000000] Linux version 4.4.0-174-generic (buildd@lcy01-amd64-027) (gcc version 5.4.0 20160609 (Ubuntu 5.4.0-6ubuntu1~16.04.12) ) #204-Ubuntu SMP Wed Jan 29 06:41:01 UTC 2020 (Ubuntu 4.4.0-174.204-generic 4.4.211)
[    0.000000] Command line: BOOT_IMAGE=/boot/vmlinuz-4.4.0-174-generic root=LABEL=cloudimg-rootfs ro console=tty1 console=ttyS0
[    0.000000] KERNEL supported cpus:
[    0.000000]   Intel GenuineIntel
[    0.000000]   AMD AuthenticAMD
[    0.000000]   Centaur CentaurHauls
[    0.000000] x86/fpu: xstate_offset[2]:  576, xstate_sizes[2]:  256
[    0.000000] x86/fpu: Supporting XSAVE feature 0x01: 'x87 floating point registers'
[    0.000000] x86/fpu: Supporting XSAVE feature 0x02: 'SSE registers'
[    0.000000] x86/fpu: Supporting XSAVE feature 0x04: 'AVX registers'
[    0.000000] x86/fpu: Enabled xstate features 0x7, context size is 832 bytes, using 'standard' format.
[    0.000000] e820: BIOS-provided physical RAM map:
[    0.000000] BIOS-e820: [mem 0x0000000000000000-0x000000000009fbff] usable
[    0.000000] BIOS-e820: [mem 0x000000000009fc00-0x000000000009ffff] reserved
[    0.000000] BIOS-e820: [mem 0x00000000000f0000-0x00000000000fffff] reserved
[    0.000000] BIOS-e820: [mem 0x0000000000100000-0x000000005ffeffff] usable
[    0.000000] BIOS-e820: [mem 0x000000005fff0000-0x000000005fffffff] ACPI data
[    0.000000] BIOS-e820: [mem 0x00000000fec00000-0x00000000fec00fff] reserved
[    0.000000] BIOS-e820: [mem 0x00000000fee00000-0x00000000fee00fff] reserved
[    0.000000] BIOS-e820: [mem 0x00000000fffc0000-0x00000000ffffffff] reserved
[    0.000000] NX (Execute Disable) protection: active
[    0.000000] SMBIOS 2.5 present.
[    0.000000] Hypervisor detected: KVM
[    0.000000] e820: last_pfn = 0x5fff0 max_arch_pfn = 0x400000000
[    0.000000] MTRR: Disabled
[    0.000000] x86/PAT: MTRRs disabled, skipping PAT initialization too.
[    0.000000] CPU MTRRs all blank - virtualized system.
[    0.000000] x86/PAT: Configuration [0-7]: WB  WT  UC- UC  WB  WT  UC- UC  
[    0.000000] found SMP MP-table at [mem 0x0009fff0-0x0009ffff] mapped at [ffff88000009fff0]
[    0.000000] Scanning 1 areas for low memory corruption
[    0.000000] RAMDISK: [mem 0x362e0000-0x37167fff]
[    0.000000] ACPI: Early table checksum verification disabled
[    0.000000] ACPI: RSDP 0x00000000000E0000 000024 (v02 VBOX  )
[    0.000000] ACPI: XSDT 0x000000005FFF0030 00003C (v01 VBOX   VBOXXSDT 00000001 ASL  00000061)
[    0.000000] ACPI: FACP 0x000000005FFF00F0 0000F4 (v04 VBOX   VBOXFACP 00000001 ASL  00000061)
[    0.000000] ACPI: DSDT 0x000000005FFF0470 002325 (v02 VBOX   VBOXBIOS 00000002 INTL 20200214)
[    0.000000] ACPI: FACS 0x000000005FFF0200 000040
[    0.000000] ACPI: FACS 0x000000005FFF0200 000040
[    0.000000] ACPI: APIC 0x000000005FFF0240 00005C (v02 VBOX   VBOXAPIC 00000001 ASL  00000061)
[    0.000000] ACPI: SSDT 0x000000005FFF02A0 0001CC (v01 VBOX   VBOXCPUT 00000002 INTL 20200214)
[    0.000000] No NUMA configuration found
[    0.000000] Faking a node at [mem 0x0000000000000000-0x000000005ffeffff]
[    0.000000] NODE_DATA(0) allocated [mem 0x5ffeb000-0x5ffeffff]
[    0.000000] kvm-clock: Using msrs 4b564d01 and 4b564d00
[    0.000000] kvm-clock: cpu 0, msr 0:5ffe3001, primary cpu clock
[    0.000000] kvm-clock: using sched offset of 3037161090 cycles
[    0.000000] clocksource: kvm-clock: mask: 0xffffffffffffffff max_cycles: 0x1cd42e4dffb, max_idle_ns: 881590591483 ns
[    0.000000] Zone ranges:
[    0.000000]   DMA      [mem 0x0000000000001000-0x0000000000ffffff]
[    0.000000]   DMA32    [mem 0x0000000001000000-0x000000005ffeffff]
[    0.000000]   Normal   empty
[    0.000000]   Device   empty
[    0.000000] Movable zone start for each node
[    0.000000] Early memory node ranges
[    0.000000]   node   0: [mem 0x0000000000001000-0x000000000009efff]
[    0.000000]   node   0: [mem 0x0000000000100000-0x000000005ffeffff]
[    0.000000] Initmem setup node 0 [mem 0x0000000000001000-0x000000005ffeffff]
[    0.000000] ACPI: PM-Timer IO Port: 0x4008
[    0.000000] IOAPIC[0]: apic_id 2, version 32, address 0xfec00000, GSI 0-23
[    0.000000] ACPI: INT_SRC_OVR (bus 0 bus_irq 0 global_irq 2 dfl dfl)
[    0.000000] ACPI: INT_SRC_OVR (bus 0 bus_irq 9 global_irq 9 low level)
[    0.000000] Using ACPI (MADT) for SMP configuration information
[    0.000000] smpboot: Allowing 2 CPUs, 0 hotplug CPUs
[    0.000000] PM: Registered nosave memory: [mem 0x00000000-0x00000fff]
[    0.000000] PM: Registered nosave memory: [mem 0x0009f000-0x0009ffff]
[    0.000000] PM: Registered nosave memory: [mem 0x000a0000-0x000effff]
[    0.000000] PM: Registered nosave memory: [mem 0x000f0000-0x000fffff]
[    0.000000] e820: [mem 0x60000000-0xfebfffff] available for PCI devices
[    0.000000] Booting paravirtualized kernel on KVM
[    0.000000] clocksource: refined-jiffies: mask: 0xffffffff max_cycles: 0xffffffff, max_idle_ns: 7645519600211568 ns
[    0.000000] setup_percpu: NR_CPUS:512 nr_cpumask_bits:512 nr_cpu_ids:2 nr_node_ids:1
[    0.000000] PERCPU: Embedded 33 pages/cpu @ffff88005fc00000 s95448 r8192 d31528 u1048576
[    0.000000] Built 1 zonelists in Node order, mobility grouping on.  Total pages: 386936
[    0.000000] Policy zone: DMA32
[    0.000000] Kernel command line: BOOT_IMAGE=/boot/vmlinuz-4.4.0-174-generic root=LABEL=cloudimg-rootfs ro console=tty1 console=ttyS0
[    0.000000] PID hash table entries: 4096 (order: 3, 32768 bytes)
[    0.000000] Memory: 1513768K/1572408K available (8626K kernel code, 1336K rwdata, 4032K rodata, 1488K init, 1292K bss, 58640K reserved, 0K cma-reserved)
[    0.000000] SLUB: HWalign=64, Order=0-3, MinObjects=0, CPUs=2, Nodes=1
[    0.000000] Kernel/User page tables isolation: enabled
[    0.000000] Hierarchical RCU implementation.
[    0.000000] 	Build-time adjustment of leaf fanout to 64.
[    0.000000] 	RCU restricting CPUs from NR_CPUS=512 to nr_cpu_ids=2.
[    0.000000] RCU: Adjusting geometry for rcu_fanout_leaf=64, nr_cpu_ids=2
[    0.000000] NR_IRQS:33024 nr_irqs:440 16
[    0.000000] Console: colour VGA+ 80x25
[    0.000000] console [tty1] enabled
[    0.000000] console [ttyS0] enabled
[    0.000000] tsc: Detected 3292.374 MHz processor
[    0.122282] Calibrating delay loop (skipped) preset value.. 6584.74 BogoMIPS (lpj=13169496)
[    0.123650] pid_max: default: 32768 minimum: 301
[    0.124374] ACPI: Core revision 20150930
[    0.125785] ACPI: 2 ACPI AML tables successfully acquired and loaded
[    0.128248] Security Framework initialized
[    0.128938] Yama: becoming mindful.
[    0.129540] AppArmor: AppArmor initialized
[    0.130784] Dentry cache hash table entries: 262144 (order: 9, 2097152 bytes)
[    0.132027] Inode-cache hash table entries: 131072 (order: 8, 1048576 bytes)
[    0.133565] Mount-cache hash table entries: 4096 (order: 3, 32768 bytes)
[    0.134550] Mountpoint-cache hash table entries: 4096 (order: 3, 32768 bytes)
[    0.135676] Initializing cgroup subsys io
[    0.136371] Initializing cgroup subsys memory
[    0.137063] Initializing cgroup subsys devices
[    0.137734] Initializing cgroup subsys freezer
[    0.138412] Initializing cgroup subsys net_cls
[    0.139134] Initializing cgroup subsys perf_event
[    0.140640] Initializing cgroup subsys net_prio
[    0.142234] Initializing cgroup subsys hugetlb
[    0.142906] Initializing cgroup subsys pids
[    0.144374] mce: CPU supports 0 MCE banks
[    0.145012] Last level iTLB entries: 4KB 1024, 2MB 1024, 4MB 1024
[    0.145899] Last level dTLB entries: 4KB 1024, 2MB 1024, 4MB 1024, 1GB 4
[    0.146852] Spectre V1 : Mitigation: usercopy/swapgs barriers and __user pointer sanitization
[    0.148111] Spectre V2 : Mitigation: Full generic retpoline
[    0.148967] Spectre V2 : Spectre v2 / SpectreRSB mitigation: Filling RSB on context switch
[    0.150254] Speculative Store Bypass: Vulnerable
[    0.151017] MDS: Mitigation: Clear CPU buffers
[    0.153883] Freeing SMP alternatives memory: 36K
[    0.159249] ftrace: allocating 32305 entries in 127 pages
[    0.204969] smpboot: APIC(0) Converting physical 0 to logical package 0
[    0.206021] smpboot: Max logical packages: 1
[    0.206931] x2apic enabled
[    0.207662] Switched APIC routing to physical x2apic.
[    0.209342] ..TIMER: vector=0x30 apic1=0 pin1=2 apic2=-1 pin2=-1
[    0.324202] smpboot: CPU0: Intel(R) Core(TM) i5-4590 CPU @ 3.30GHz (family: 0x6, model: 0x3c, stepping: 0x3)
[    0.326495] Performance Events: unsupported p6 CPU model 60 no PMU driver, software events only.
[    0.337665] KVM setup paravirtual spinlock
[    0.339433] x86: Booting SMP configuration:
[    0.341130] .... node  #0, CPUs:      #1
[    0.342598] kvm-clock: cpu 1, msr 0:5ffe3041, secondary cpu clock
[    0.344028] mce: CPU supports 0 MCE banks
[    0.346481] x86: Booted up 1 node, 2 CPUs
[    0.347380] smpboot: Total of 2 processors activated (13169.49 BogoMIPS)
[    0.348828] devtmpfs: initialized
[    0.350632] evm: security.selinux
[    0.351262] evm: security.SMACK64
[    0.351895] evm: security.SMACK64EXEC
[    0.352555] evm: security.SMACK64TRANSMUTE
[    0.353235] evm: security.SMACK64MMAP
[    0.353903] evm: security.ima
[    0.354482] evm: security.capability
[    0.355669] clocksource: jiffies: mask: 0xffffffff max_cycles: 0xffffffff, max_idle_ns: 7645041785100000 ns
[    0.357071] futex hash table entries: 512 (order: 3, 32768 bytes)
[    0.358062] pinctrl core: initialized pinctrl subsystem
[    0.359053] RTC time:  6:29:32, date: 03/04/20
[    0.359902] NET: Registered protocol family 16
[    0.372336] cpuidle: using governor ladder
[    0.384585] cpuidle: using governor menu
[    0.385765] PCCT header not found.
[    0.387082] ACPI: bus type PCI registered
[    0.388482] acpiphp: ACPI Hot Plug PCI Controller Driver version: 0.5
[    0.390640] PCI: Using configuration type 1 for base access
[    0.404685] ACPI: Added _OSI(Module Device)
[    0.405353] ACPI: Added _OSI(Processor Device)
[    0.406350] ACPI: Added _OSI(3.0 _SCP Extensions)
[    0.407479] ACPI: Added _OSI(Processor Aggregator Device)
[    0.409657] ACPI: Executed 1 blocks of module-level executable AML code
[    0.413846] ACPI: Interpreter enabled
[    0.414794] ACPI: (supports S0 S5)
[    0.415668] ACPI: Using IOAPIC for interrupt routing
[    0.416541] PCI: Using host bridge windows from ACPI; if necessary, use "pci=nocrs" and report a bug
[    0.420643] ACPI: PCI Root Bridge [PCI0] (domain 0000 [bus 00-ff])
[    0.421596] acpi PNP0A03:00: _OSC: OS supports [ASPM ClockPM Segments MSI]
[    0.422883] acpi PNP0A03:00: _OSC: not requesting OS control; OS requires [ExtendedConfig ASPM ClockPM MSI]
[    0.424333] acpi PNP0A03:00: fail to add MMCONFIG information, can't access extended PCI configuration space under this bridge.
[    0.426173] PCI host bridge to bus 0000:00
[    0.427404] pci_bus 0000:00: root bus resource [io  0x0000-0x0cf7 window]
[    0.428336] pci_bus 0000:00: root bus resource [io  0x0d00-0xffff window]
[    0.429368] pci_bus 0000:00: root bus resource [mem 0x000a0000-0x000bffff window]
[    0.430507] pci_bus 0000:00: root bus resource [mem 0x60000000-0xfdffffff window]
[    0.431670] pci_bus 0000:00: root bus resource [bus 00-ff]
[    0.433723] pci 0000:00:01.1: legacy IDE quirk: reg 0x10: [io  0x01f0-0x01f7]
[    0.434753] pci 0000:00:01.1: legacy IDE quirk: reg 0x14: [io  0x03f6]
[    0.435729] pci 0000:00:01.1: legacy IDE quirk: reg 0x18: [io  0x0170-0x0177]
[    0.436751] pci 0000:00:01.1: legacy IDE quirk: reg 0x1c: [io  0x0376]
[    0.459633] pci 0000:00:07.0: quirk: [io  0x4000-0x403f] claimed by PIIX4 ACPI
[    0.460875] pci 0000:00:07.0: quirk: [io  0x4100-0x410f] claimed by PIIX4 SMB
[    0.467711] ACPI: PCI Interrupt Link [LNKA] (IRQs 5 9 10 *11)
[    0.469448] ACPI: PCI Interrupt Link [LNKB] (IRQs 5 9 *10 11)
[    0.471060] ACPI: PCI Interrupt Link [LNKC] (IRQs 5 *9 10 11)
[    0.472559] ACPI: PCI Interrupt Link [LNKD] (IRQs 5 9 10 *11)
[    0.474014] ACPI: Enabled 2 GPEs in block 00 to 07
[    0.475249] vgaarb: setting as boot device: PCI:0000:00:02.0
[    0.476220] vgaarb: device added: PCI:0000:00:02.0,decodes=io+mem,owns=io+mem,locks=none
[    0.477659] vgaarb: loaded
[    0.479048] vgaarb: bridge control possible 0000:00:02.0
[    0.480046] SCSI subsystem initialized
[    0.480844] ACPI: bus type USB registered
[    0.481501] usbcore: registered new interface driver usbfs
[    0.482395] usbcore: registered new interface driver hub
[    0.483188] usbcore: registered new device driver usb
[    0.484184] PCI: Using ACPI for IRQ routing
[    0.485117] NetLabel: Initializing
[    0.485715] NetLabel:  domain hash size = 128
[    0.486391] NetLabel:  protocols = UNLABELED CIPSOv4
[    0.487112] NetLabel:  unlabeled traffic allowed by default
[    0.488057] amd_nb: Cannot enumerate AMD northbridges
[    0.488935] clocksource: Switched to clocksource kvm-clock
[    0.495215] AppArmor: AppArmor Filesystem Enabled
[    0.496037] pnp: PnP ACPI init
[    0.497281] pnp: PnP ACPI: found 3 devices
[    0.506560] clocksource: acpi_pm: mask: 0xffffff max_cycles: 0xffffff, max_idle_ns: 2085701024 ns
[    0.507918] NET: Registered protocol family 2
[    0.508825] TCP established hash table entries: 16384 (order: 5, 131072 bytes)
[    0.510013] TCP bind hash table entries: 16384 (order: 6, 262144 bytes)
[    0.510991] TCP: Hash tables configured (established 16384 bind 16384)
[    0.511935] UDP hash table entries: 1024 (order: 3, 32768 bytes)
[    0.513691] UDP-Lite hash table entries: 1024 (order: 3, 32768 bytes)
[    0.515665] NET: Registered protocol family 1
[    0.516391] pci 0000:00:00.0: Limiting direct PCI/PCI transfers
[    0.517244] pci 0000:00:01.0: Activating ISA DMA hang workarounds
[    0.518228] Unpacking initramfs...
[    0.677671] Freeing initrd memory: 14880K
[    0.678674] RAPL PMU detected, API unit is 2^-32 Joules, 4 fixed counters 10737418240 ms ovfl timer
[    0.679985] hw unit of domain pp0-core 2^-0 Joules
[    0.680751] hw unit of domain package 2^-0 Joules
[    0.681522] hw unit of domain dram 2^-0 Joules
[    0.682235] hw unit of domain pp1-gpu 2^-0 Joules
[    0.682953] clocksource: tsc: mask: 0xffffffffffffffff max_cycles: 0x2f75287227e, max_idle_ns: 440795361488 ns
[    0.684384] platform rtc_cmos: registered platform RTC device (no PNP device found)
[    0.685657] Scanning for low memory corruption every 60 seconds
[    0.687094] audit: initializing netlink subsys (disabled)
[    0.687901] audit: type=2000 audit(1583303376.779:1): initialized
[    0.689088] Initialise system trusted keyring
[    0.690043] HugeTLB registered 2 MB page size, pre-allocated 0 pages
[    0.692051] zbud: loaded
[    0.692888] VFS: Disk quotas dquot_6.6.0
[    0.693631] VFS: Dquot-cache hash table entries: 512 (order 0, 4096 bytes)
[    0.694762] squashfs: version 4.0 (2009/01/31) Phillip Lougher
[    0.695942] fuse init (API version 7.23)
[    0.696782] Key type big_key registered
[    0.697511] Allocating IMA MOK and blacklist keyrings.
[    0.699245] Key type asymmetric registered
[    0.699965] Asymmetric key parser 'x509' registered
[    0.700706] Block layer SCSI generic (bsg) driver version 0.4 loaded (major 249)
[    0.701957] io scheduler noop registered
[    0.702613] io scheduler deadline registered (default)
[    0.703423] io scheduler cfq registered
[    0.704204] pci_hotplug: PCI Hot Plug PCI Core version: 0.5
[    0.705068] pciehp: PCI Express Hot Plug Controller Driver version: 0.4
[    0.706112] ACPI: AC Adapter [AC] (on-line)
[    0.706858] input: Power Button as /devices/LNXSYSTM:00/LNXPWRBN:00/input/input0
[    0.708058] ACPI: Power Button [PWRF]
[    0.708747] input: Sleep Button as /devices/LNXSYSTM:00/LNXSLPBN:00/input/input1
[    0.710002] ACPI: Sleep Button [SLPF]
[    0.710795] GHES: HEST is not enabled!
[    0.711669] Serial: 8250/16550 driver, 32 ports, IRQ sharing enabled
[    0.732976] 00:02: ttyS0 at I/O 0x3f8 (irq = 4, base_baud = 115200) is a 16550A
[    0.736345] Linux agpgart interface v0.103
[    0.739294] loop: module loaded
[    0.740550] scsi host0: ata_piix
[    0.741294] scsi host1: ata_piix
[    0.741933] ata1: PATA max UDMA/33 cmd 0x1f0 ctl 0x3f6 bmdma 0xd000 irq 14
[    0.742953] ata2: PATA max UDMA/33 cmd 0x170 ctl 0x376 bmdma 0xd008 irq 15
[    0.744160] libphy: Fixed MDIO Bus: probed
[    0.744826] tun: Universal TUN/TAP device driver, 1.6
[    0.745724] tun: (C) 1999-2004 Max Krasnyansky <maxk@qualcomm.com>
[    0.746756] PPP generic driver version 2.4.2
[    0.747573] ehci_hcd: USB 2.0 'Enhanced' Host Controller (EHCI) Driver
[    0.748572] ehci-pci: EHCI PCI platform driver
[    0.749339] ehci-platform: EHCI generic platform driver
[    0.750179] ohci_hcd: USB 1.1 'Open' Host Controller (OHCI) Driver
[    0.751042] ohci-pci: OHCI PCI platform driver
[    0.751736] ohci-platform: OHCI generic platform driver
[    0.752648] uhci_hcd: USB Universal Host Controller Interface driver
[    0.753658] i8042: PNP: PS/2 Controller [PNP0303:PS2K,PNP0f03:PS2M] at 0x60,0x64 irq 1,12
[    0.755289] serio: i8042 KBD port at 0x60,0x64 irq 1
[    0.756048] serio: i8042 AUX port at 0x60,0x64 irq 12
[    0.757019] mousedev: PS/2 mouse device common for all mice
[    0.758225] input: AT Translated Set 2 keyboard as /devices/platform/i8042/serio0/input/input2
[    0.759894] rtc_cmos rtc_cmos: rtc core: registered rtc_cmos as rtc0
[    0.760911] rtc_cmos rtc_cmos: alarms up to one day, 114 bytes nvram
[    0.761926] i2c /dev entries driver
[    0.762566] device-mapper: uevent: version 1.0.3
[    0.763472] device-mapper: ioctl: 4.34.0-ioctl (2015-10-28) initialised: dm-devel@redhat.com
[    0.764772] ledtrig-cpu: registered to indicate activity on CPUs
[    0.766131] NET: Registered protocol family 10
[    0.767974] NET: Registered protocol family 17
[    0.769122] Key type dns_resolver registered
[    0.770268] registered taskstats version 1
[    0.770932] Loading compiled-in X.509 certificates
[    0.774490] Loaded X.509 cert 'Build time autogenerated kernel key: 2501974cc66248a18f8fa54aaac948a5171f77fb'
[    0.775952] zswap: loaded using pool lzo/zbud
[    0.778500] Key type trusted registered
[    0.781808] Key type encrypted registered
[    0.782527] AppArmor: AppArmor sha1 policy hashing enabled
[    0.783388] ima: No TPM chip found, activating TPM-bypass!
[    0.784179] ima: Allocated hash algorithm: sha1
[    0.784920] evm: HMAC attrs: 0x1
[    0.785917]   Magic number: 12:839:467
[    0.786785] rtc_cmos rtc_cmos: setting system clock to 2020-03-04 06:29:32 UTC (1583303372)
[    0.788236] BIOS EDD facility v0.16 2004-Jun-25, 0 devices found
[    0.789228] EDD information not available.
[    0.921190] Freeing unused kernel memory: 1488K
[    0.922193] Write protecting the kernel read-only data: 14336k
[    0.923494] Freeing unused kernel memory: 1604K
[    0.924404] Freeing unused kernel memory: 64K
Loading, please wait...
starting version 229
[    0.936273] random: systemd-udevd: uninitialized urandom read (16 bytes read, 2 bits of entropy available)
[    0.936912] random: udevadm: uninitialized urandom read (16 bytes read, 2 bits of entropy available)
[    0.936929] random: udevadm: uninitialized urandom read (16 bytes read, 2 bits of entropy available)
[    0.941107] random: systemd-udevd: uninitialized urandom read (16 bytes read, 2 bits of entropy available)
[    0.942712] random: systemd-udevd: uninitialized urandom read (16 bytes read, 2 bits of entropy available)
[    0.944066] random: udevadm: uninitialized urandom read (16 bytes read, 2 bits of entropy available)
[    0.944110] random: udevadm: uninitialized urandom read (16 bytes read, 2 bits of entropy available)
[    0.944217] random: udevadm: uninitialized urandom read (16 bytes read, 2 bits of entropy available)
[    0.944256] random: udevadm: uninitialized urandom read (16 bytes read, 2 bits of entropy available)
[    0.944295] random: udevadm: uninitialized urandom read (16 bytes read, 2 bits of entropy available)
[    0.979561] e1000: Intel(R) PRO/1000 Network Driver - version 7.3.21-k8-NAPI
[    0.981935] e1000: Copyright (c) 1999-2006 Intel Corporation.
[    0.985135] Fusion MPT base driver 3.04.20
[    0.986833] Copyright (c) 1999-2008 LSI Corporation
[    1.005061] Fusion MPT SPI Host driver 3.04.20
[    1.008561] AVX2 version of gcm_enc/dec engaged.
[    1.009472] AES CTR mode by8 optimization enabled
[    1.210989] input: ImExPS/2 Generic Explorer Mouse as /devices/platform/i8042/serio1/input/input4
[    1.325956] e1000 0000:00:03.0 eth0: (PCI:33MHz:32-bit) 02:1b:c5:10:6b:e2
[    1.326964] e1000 0000:00:03.0 eth0: Intel(R) PRO/1000 Network Connection
[    1.328587] e1000 0000:00:03.0 enp0s3: renamed from eth0
[    1.328590] mptbase: ioc0: Initiating bringup
[    1.697758] ioc0: LSI53C1030 A0: Capabilities={Initiator}
[    3.840247] scsi host2: ioc0: LSI53C1030 A0, FwRev=00000000h, Ports=1, MaxQ=256, IRQ=20
[    5.027960] scsi 2:0:0:0: Direct-Access     VBOX     HARDDISK         1.0  PQ: 0 ANSI: 5
[    5.033662] scsi target2:0:0: Beginning Domain Validation
[    5.036750] scsi target2:0:0: Domain Validation skipping write tests
[    5.038158] scsi target2:0:0: Ending Domain Validation
[    5.039443] scsi target2:0:0: asynchronous
[    5.048301] scsi 2:0:1:0: Direct-Access     VBOX     HARDDISK         1.0  PQ: 0 ANSI: 5
[    5.049630] scsi target2:0:1: Beginning Domain Validation
[    5.051216] scsi target2:0:1: Domain Validation skipping write tests
[    5.052081] scsi target2:0:1: Ending Domain Validation
[    5.052909] scsi target2:0:1: asynchronous
[    5.057216] sd 2:0:0:0: [sda] 20971520 512-byte logical blocks: (10.7 GB/10.0 GiB)
[    5.057451] sd 2:0:0:0: Attached scsi generic sg0 type 0
[    5.059520] sd 2:0:0:0: [sda] Write Protect is off
[    5.060443] sd 2:0:1:0: Attached scsi generic sg1 type 0
[    5.061491] sd 2:0:1:0: [sdb] 20480 512-byte logical blocks: (10.5 MB/10.0 MiB)
[    5.062788] sd 2:0:0:0: [sda] Incomplete mode parameter data
[    5.063803] sd 2:0:0:0: [sda] Assuming drive cache: write through
[    5.064937] sd 2:0:1:0: [sdb] Write Protect is off
[    5.065947] sd 2:0:1:0: [sdb] Incomplete mode parameter data
[    5.066942] sd 2:0:1:0: [sdb] Assuming drive cache: write through
[    5.071328]  sda: sda1
[    5.072928] sd 2:0:0:0: [sda] Attached SCSI disk
[    5.073915] sd 2:0:1:0: [sdb] Attached SCSI disk
Begin: Loading essential drivers ... [    6.326665] md: linear personality registered for level -1
[    6.330138] md: multipath personality registered for level -4
[    6.334544] md: raid0 personality registered for level 0
[    6.339442] md: raid1 personality registered for level 1
[    6.426207] raid6: sse2x1   gen() 11728 MB/s
[    6.496881] raid6: sse2x1   xor()  9417 MB/s
[    6.566479] raid6: sse2x2   gen() 14827 MB/s
[    6.642288] raid6: sse2x2   xor() 10411 MB/s
[    6.718984] raid6: sse2x4   gen() 17146 MB/s
[    6.802763] raid6: sse2x4   xor() 11822 MB/s
[    6.877891] raid6: avx2x1   gen() 23457 MB/s
[    6.945329] raid6: avx2x2   gen() 24805 MB/s
[    7.014233] raid6: avx2x4   gen() 30677 MB/s
[    7.015041] raid6: using algorithm avx2x4 gen() 30677 MB/s
[    7.015891] raid6: using avx2x2 recovery algorithm
[    7.017933] xor: automatically using best checksumming function:
[    7.056970]    avx       : 30304.000 MB/sec
[    7.059110] async_tx: api initialized (async)
[    7.068193] md: raid6 personality registered for level 6
[    7.069061] md: raid5 personality registered for level 5
[    7.069894] md: raid4 personality registered for level 4
[    7.077207] md: raid10 personality registered for level 10
done.
Begin: Running /scripts/init-premount ... done.
Begin: Mounting root file system ... Begin: Running /scripts/local-top ... done.
Begin: Running /scripts/local-premount ... [    7.104003] Btrfs loaded
Scanning for Btrfs filesystems
done.
Warning: fsck not present, so skipping root file system
[    7.133648] EXT4-fs (sda1): mounted filesystem with ordered data mode. Opts: (null)
done.
Begin: Running /scripts/local-bottom ... done.
Begin: Running /scripts/init-bottom ... done.
[    7.232451] systemd[1]: systemd 229 running in system mode. (+PAM +AUDIT +SELINUX +IMA +APPARMOR +SMACK +SYSVINIT +UTMP +LIBCRYPTSETUP +GCRYPT +GNUTLS +ACL +XZ -LZ4 +SECCOMP +BLKID +ELFUTILS +KMOD -IDN)
[    7.236401] systemd[1]: Detected virtualization oracle.
[    7.237400] systemd[1]: Detected architecture x86-64.

Welcome to [1mUbuntu 16.04.6 LTS[0m!

[    7.240433] systemd[1]: Set hostname to <ubuntu>.
[    7.243458] systemd[1]: Initializing machine ID from random generator.
[    7.244397] systemd[1]: Installed transient /etc/machine-id file.
[    7.353323] systemd[1]: Started Trigger resolvconf update for networkd DNS.
[[0;32m  OK  [0m] Started Trigger resolvconf update for networkd DNS.
[    7.356732] systemd[1]: Listening on udev Kernel Socket.
[[0;32m  OK  [0m] Listening on udev Kernel Socket.
[    7.359054] systemd[1]: Reached target Encrypted Volumes.
[[0;32m  OK  [0m] Reached target Encrypted Volumes.
[    7.365089] systemd[1]: Reached target System Time Synchronized.
[[0;32m  OK  [0m] Reached target System Time Synchronized.
[    7.366779] systemd[1]: Listening on Journal Socket.
[[0;32m  OK  [0m] Listening on Journal Socket.
[    7.373168] systemd[1]: Listening on Syslog Socket.
[[0;32m  OK  [0m] Listening on Syslog Socket.
[    7.374883] systemd[1]: Reached target Swap.
[[0;32m  OK  [0m] Reached target Swap.
[    7.381192] systemd[1]: Started Forward Password Requests to Wall Directory Watch.
[[0;32m  OK  [0m] Started Forward Password Requests to Wall Directory Watch.
[    7.389176] systemd[1]: Listening on udev Control Socket.
[[0;32m  OK  [0m] Listening on udev Control Socket.
[    7.391490] systemd[1]: Set up automount Arbitrary Executable File Formats File System Automount Point.
[[0;32m  OK  [0m] Set up automount Arbitrary Executab...ats File System Automount Point.
[    7.401461] systemd[1]: Created slice System Slice.
[[0;32m  OK  [0m] Created slice System Slice.
[    7.413203] systemd[1]: Starting Create list of required static device nodes for the current kernel...
         Starting Create list of required st... nodes for the current kernel...
[    7.425932] systemd[1]: Starting Nameserver information manager...
         Starting Nameserver information manager...
[    7.428985] systemd[1]: Mounting POSIX Message Queue File System...
         Mounting POSIX Message Queue File System...
[    7.431903] systemd[1]: Created slice system-serial\x2dgetty.slice.
[[0;32m  OK  [0m] Created slice system-serial\x2dgetty.slice.
[    7.682232] systemd[1]: Starting Load Kernel Modules...
         Starting Load Kernel Modules...
[    7.690244] systemd[1]: Mounting Huge Pages File System...
         Mounting Huge Pages File System...
[    7.692397] systemd[1]: Starting Uncomplicated firewall...
         Starting Uncomplicated firewall...
[    7.696585] Loading iSCSI transport class v2.0-870.
[    7.703092] systemd[1]: Mounting Debug File System...
         Mounting Debug File System...
[    7.704486] iscsi: registered transport (tcp)
[    7.704651] systemd[1]: Created slice User and Session Slice.
[[0;32m  OK  [0m] Created slice User and Session Slice.
[    7.706786] systemd[1]: Reached target Slices.
[[0;32m  OK  [0m] Reached target Slices.
[    7.708076] systemd[1]: Listening on LVM2 metadata daemon socket.
[[0;32m  OK  [0m] Listening on LVM2 metadata daemon socket.
[    7.709755] systemd[1]: Listening on Journal Audit Socket.
[[0;32m  OK  [0m] Listening on Journal Audit Socket.
[    7.711606] systemd[1]: Listening on Journal Socket (/dev/log).
[[0;32m  OK  [0m] Listening on Journal Socket (/dev/log).
[    7.713260] systemd[1]: Listening on LVM2 poll daemon socket.
[[0;32m  OK  [0m] Listening on LVM2 poll daemon socket.
[    7.715358] systemd[1]: Starting Journal Service...
         Starting Journal Service...
[    7.721638] systemd[1]: Listening on /dev/initctl Compatibility Named Pipe.
[[0;32m  OK  [0m] Listening on /dev/initctl Compatibility Named Pipe.
[    7.724870] systemd[1]: Starting Remount Root and Kernel File Systems...
         Starting Remount Root and Kernel File Systems...
[    7.731652] EXT4-fs (sda1): re-mounted. Opts: (null)
[    7.735688] systemd[1]: Starting Set console keymap...
         Starting Set console keymap...
[    7.745190] systemd[1]: Reached target User and Group Name Lookups.
[[0;32m  OK  [0m] Reached target User and Group Name Lookups.
[    7.747324] systemd[1]: Listening on Device-mapper event daemon FIFOs.
[[0;32m  OK  [0m] Listening on Device-mapper event daemon FIFOs.
[    7.751825] iscsi: registered transport (iser)
[    7.765160] systemd[1]: Starting Monitoring of LVM2 mirrors, snapshots etc. using dmeventd or progress polling...
         Starting Monitoring of LVM2 mirrors... dmeventd or progress polling...
[    7.769954] systemd[1]: Mounted Debug File System.
[[0;32m  OK  [0m] Mounted Debug File System.
[    7.777096] systemd[1]: Mounted POSIX Message Queue File System.
[[0;32m  OK  [0m] Mounted POSIX Message Queue File System.
[    7.778792] systemd[1]: Mounted Huge Pages File System.
[[0;32m  OK  [0m] Mounted Huge Pages File System.
[    7.793273] systemd[1]: Started Journal Service.
[[0;32m  OK  [0m] Started Journal Service.
[[0;32m  OK  [0m] Started Create list of required sta...ce nodes for the current kernel.
[[0;32m  OK  [0m] Started Load Kernel Modules.
[[0;32m  OK  [0m] Started Uncomplicated firewall.
[[0;32m  OK  [0m] Started Remount Root and Kernel File Systems.
[[0;32m  OK  [0m] Started Set console keymap.
[[0;32m  OK  [0m] Started Nameserver information manager.
[[0;32m  OK  [0m] Started LVM2 metadata daemon.
         Starting Load/Save Random Seed...
         Starting udev Coldplug all Devices...
         Mounting FUSE Control File System...
         Starting Apply Kernel Variables...
         Starting Create Static Device Nodes in /dev...
         Starting Flush Journal to Persistent Storage...
[[0;32m  OK  [0m] Mounted FUSE Control File System.
[[0;32m  OK  [0m] Started Load/Save Random Seed.
[    7.866595] systemd-journald[385]: Received request to flush runtime journal from PID 1
[[0;32m  OK  [0m] Started Apply Kernel Variables.
[[0;32m  OK  [0m] Started Flush Journal to Persistent Storage.
[[0;32m  OK  [0m] Started Create Static Device Nodes in /dev.
         Starting udev Kernel Device Manager...
[[0;32m  OK  [0m] Started udev Coldplug all Devices.
[[0;32m  OK  [0m] Started udev Kernel Device Manager.
[[0;32m  OK  [0m] Started Dispatch Password Requests to Console Directory Watch.
[[0;32m  OK  [0m] Found device /dev/ttyS0.
[[0;32m  OK  [0m] Listening on Load/Save RF Kill Switch Status /dev/rfkill Watch.
[[0;32m  OK  [0m] Started Monitoring of LVM2 mirrors,...ng dmeventd or progress polling.
[[0;32m  OK  [0m] Reached target Local File Systems (Pre).
[[0;32m  OK  [0m] Reached target Local File Systems.
         Starting LSB: AppArmor initialization...
         Starting Commit a transient machine-id on disk...
         Starting Tell Plymouth To Write Out Runtime Data...
         Starting Set console font and keymap...
         Starting Initial cloud-init job (pre-networking)...
         Starting Create Volatile Files and Directories...
[[0;32m  OK  [0m] Started Create Volatile Files and Directories.
[[0;32m  OK  [0m] Started Tell Plymouth To Write Out Runtime Data.
         Starting Update UTMP about System Boot/Shutdown...
[[0;32m  OK  [0m] Started Commit a transient machine-id on disk.
[[0;32m  OK  [0m] Started Update UTMP about System Boot/Shutdown.
[[0;32m  OK  [0m] Started LSB: AppArmor initialization.
[[0;32m  OK  [0m] Started Set console font and keymap.
[[0;32m  OK  [0m] Created slice system-getty.slice.
[    9.069008] cloud-init[603]: Cloud-init v. 19.4-33-gbb4131a2-0ubuntu1~16.04.1 running 'init-local' at Wed, 04 Mar 2020 06:29:40 +0000. Up 8.79 seconds.
[[0;32m  OK  [0m] Started Initial cloud-init job (pre-networking).
[[0;32m  OK  [0m] Reached target Network (Pre).
         Starting Raise network interfaces...
[[0;32m  OK  [0m] Started Raise network interfaces.
[[0;32m  OK  [0m] Reached target Network.
         Starting Initial cloud-init job (metadata service crawler)...
[   10.360152] cloud-init[946]: Cloud-init v. 19.4-33-gbb4131a2-0ubuntu1~16.04.1 running 'init' at Wed, 04 Mar 2020 06:29:41 +0000. Up 9.81 seconds.
[   10.361359] cloud-init[946]: ci-info: ++++++++++++++++++++++++++++++++++++++Net device info++++++++++++++++++++++++++++++++++++++
[   10.372168] cloud-init[946]: ci-info: +--------+------+----------------------------+---------------+--------+-------------------+
[   10.373425] cloud-init[946]: ci-info: | Device |  Up  |          Address           |      Mask     | Scope  |     Hw-Address    |
[   10.374509] cloud-init[946]: ci-info: +--------+------+----------------------------+---------------+--------+-------------------+
[   10.375587] cloud-init[946]: ci-info: | enp0s3 | True |         10.0.2.15          | 255.255.255.0 | global | 02:1b:c5:10:6b:e2 |
[   10.379429] cloud-init[946]: ci-info: | enp0s3 | True | fe80::1b:c5ff:fe10:6be2/64 |       .       |  link  | 02:1b:c5:10:6b:e2 |
[   10.380543] cloud-init[946]: ci-info: |   lo   | True |         127.0.0.1          |   255.0.0.0   |  host  |         .         |
[   10.381661] cloud-init[946]: ci-info: |   lo   | True |          ::1/128           |       .       |  host  |         .         |
[   10.382839] cloud-init[946]: ci-info: +--------+------+----------------------------+---------------+--------+-------------------+
[   10.383933] cloud-init[946]: ci-info: +++++++++++++++++++++++++++Route IPv4 info++++++++++++++++++++++++++++
[   10.384977] cloud-init[946]: ci-info: +-------+-------------+----------+---------------+-----------+-------+
[   10.386057] cloud-init[946]: ci-info: | Route | Destination | Gateway  |    Genmask    | Interface | Flags |
[   10.387051] cloud-init[946]: ci-info: +-------+-------------+----------+---------------+-----------+-------+
[   10.388247] cloud-init[946]: ci-info: |   0   |   0.0.0.0   | 10.0.2.2 |    0.0.0.0    |   enp0s3  |   UG  |
[   10.389418] cloud-init[946]: ci-info: |   1   |   10.0.2.0  | 0.0.0.0  | 255.255.255.0 |   enp0s3  |   U   |
[   10.390524] cloud-init[946]: ci-info: +-------+-------------+----------+---------------+-----------+-------+
[   10.391504] cloud-init[946]: ci-info: +++++++++++++++++++Route IPv6 info+++++++++++++++++++
[   10.392426] cloud-init[946]: ci-info: +-------+-------------+---------+-----------+-------+
[   10.393276] cloud-init[946]: ci-info: | Route | Destination | Gateway | Interface | Flags |
[   10.394258] cloud-init[946]: ci-info: +-------+-------------+---------+-----------+-------+
[   10.395063] cloud-init[946]: ci-info: |   0   |  fe80::/64  |    ::   |   enp0s3  |   U   |
[   10.395986] cloud-init[946]: ci-info: |   3   |   ff00::/8  |    ::   |   enp0s3  |   U   |
[   10.405492] cloud-init[946]: ci-info: +-------+-------------+---------+-----------+-------+
[   10.417113] [[0;32m  OK  [0m] Started Initial cloud-init job (metadata service crawler).
cloud-init[946]: Generating public/private rsa key pair.
[   10.418379] [[0;32m  OK  [0m] Reached target Network is Online.
cloud-init[946]: Your identification has been saved in /etc/ssh/ssh_host_rsa_key.
[   10.419343] cloud-init[946]: Your public key has been saved in /etc/ssh/ssh_host_rsa_key.pub.
[   10.428206]          Starting iSCSI initiator daemon (iscsid)...
cloud-init[946]: The key fingerprint is:
[   10.429279] [[0;32m  OK  [0m] Reached target Cloud-config availability.
[[0;32m  OK  [0m] Reached target System Initialization.
cloud-init[946]: SHA256:P1IKNdy3r5bXb511mzwT8N/jjbnBemkTTCy5zf+XJ+w root@ubuntu-xenial
[   10.430823] [[0;32m  OK  [0m] Started Daily Cleanup of Temporary Directories.
cloud-init[946]: The key's randomart image is:
[   10.432298]          Starting LXD - unix socket.
cloud-init[[946]: [0;32m  OK  [0m+---[RSA 2048]----+] 
Started Daily apt download activities.
[   10.433250] [[0;32m  OK  [0m] Listening on UUID daemon activation socket.
cloud-init         Starting Socket activation for snappy daemon.
[946]: |                 |
[   10.434706] [[0;32m  OK  [0m] Started ACPI Events Check.
[[0;32m  OK  [0m] Reached target Paths.
[[0;32m  OK  [0m] Started Message of the Day.
[[0;32m  OK  [0m] Listening on ACPID Listen Socket.
[[0;32m  OK  [0m] Started Daily apt upgrade and clean activities.
[[0;32m  OK  [0m] Reached target Timers.
[[0;32m  OK  [0m] Listening on D-Bus System Message Bus Socket.
[[0;32m  OK  [0m] Listening on LXD - unix socket.
[[0;32m  OK  [0m] Listening on Socket activation for snappy daemon.
[[0;32m  OK  [0m] Reached target Sockets.
[[0;32m  OK  [0m] Reached target Basic System.
cloud-init[[0;32m  OK  [0m] Started ACPI event daemon.
[946]: [[0;32m  OK  [0m] Started FUSE filesystem for LXC.
         Starting LSB: MD monitoring daemon...
[[0;32m  OK  [0m] Started D-Bus System Message Bus.
|       . .       |
[   10.448476] cloud-init[946]: |        + . .o   |
[   10.449143] cloud-init[946]: |       . . .ooo  |
[   10.449811] cloud-init[946]: |      . S . .Bo  |
[   10.456283] cloud-init[946]: |       . +  .o=oo|
[   10.456899] cloud-init[946]: |        o o  o==%|
[   10.457535] cloud-init[946]: |         . .ooO&@|
[   10.458086] cloud-init[946]: |           .o=E*%|
[   10.458804] cloud-init[946]: +----[SHA256]-----+
[   10.459426] cloud-init[946]: Generating public/private dsa key pair.
[   10.460198] cloud-init[946]: Your identification has been saved in /etc/ssh/ssh_host_dsa_key.
[   10.468228] cloud-init[946]: Your public key has been saved in /etc/ssh/ssh_host_dsa_key.pub.
[   10.477451]          Starting LSB: Record successful boot for GRUB...
cloud-init[946]: The key fingerprint is:
[   10.478483] cloud-init[946]: SHA256:cSmKirktJqjTdipcv5XA6+HOEKGzUrhs+O1IKS7RlUo root@ubuntu-xenial
[[0;32m  OK  [0m] Started Regular background program processing daemon.
         Starting Snappy daemon...
[   10.481683] cloud-init[946]: The key's randomart image is:
         Starting Login Service...
         Starting /etc/rc.local Compatibility...
[   10.490433] cloud-init[946]: +---[DSA 1024]----+
[   10.493489] cloud-init[946]: |                 |
         Starting Accounts Service...
[   10.493667] cloud-init[946]: |           .     |
[   10.495177] cloud-init[946]: |   . .  o o      |
[   10.496944] cloud-init[946]: | .E =. . +       |
[   10.497123] cloud-init[946]: |.=.+.o. S        |
         Starting Pollinate to seed the pseudo random number generator...
[   10.497322] cloud-init[946]: |+==+. o .        |
[[0;32m  OK  [0m] Started Deferred execution scheduler.
[   10.500056] cloud-init[946]: |X*=..o o         |
         Starting System Logging Service...
[   10.502447] cloud-init[946]: |@Ooo*.o          |
[   10.504431] cloud-init[946]: |B*=++*.          |
         Starting Virtualbox guest utils...
         Starting LXD - container startup/shutdown...
[[0;32m  OK  [0m] Started /etc/rc.local Compatibility.
[[0;32m  OK  [0m] Started iSCSI initiator daemon (iscsid).
[[0;32m  OK  [0m] Started Login Service.
[[0;32m  OK  [0m] Started Unattended Upgrades Shutdown.
         Starting Login to default iSCSI targets...
[   10.504560] cloud-init[946]: +----[SHA256]-----+
[   10.535464] cloud-init[946]: Generating public/private ecdsa key pair.
[   10.536236] cloud-init[946]: Your identification has been saved in /etc/ssh/ssh_host_ecdsa_key.
[   10.537410] cloud-init[946]: Your public key has been saved in /etc/ssh/ssh_host_ecdsa_key.pub.
[   10.538967] cloud-init[946]: The key fingerprint is:
[   10.540482] cloud-init[946]: SHA256:UIhz9X80O+Z8jKSOqFuVT/P7iQc6aHYk5uDHbHskbfU root@ubuntu-xenial
[   10.544095] cloud-init[946]: The key's randomart image is:
[   10.549053] cloud-init[946]: +---[ECDSA 256]---+
[[0;32m  OK  [0m] Started LSB: Record successful boot for GRUB.
[   10.561038] cloud-init[946]: |     . oo        |
[   10.562819] cloud-init[946]: |    o o. .       |
[   10.563470] cloud-init[946]: |     o.   .   o  |
[   10.563600] cloud-init[946]: |       .   o o o |
[[0;32m  OK  [0m[   10.563923] cloud-init[946]: |        S + = B  |
[   10.563988] cloud-init[946]: |       . = B @ E |
[   10.564523] cloud-init[946]: |      . B B + * o|
[   10.564647] cloud-init[946]: |       o @ B  .+.|
[   10.564679] cloud-init[946]: |      oo*.= o.oo.|
[   10.564707] cloud-init[946]: +----[SHA256]-----+
[   10.564735] cloud-init[946]: Generating public/private ed25519 key pair.
[   10.564763] cloud-init[946]: Your identification has been saved in /etc/ssh/ssh_host_ed25519_key.
[   10.565113] cloud-init[946]: Your public key has been saved in /etc/ssh/ssh_host_ed25519_key.pub.
[   10.565415] cloud-init[946]: The key fingerprint is:
[   10.565733] cloud-init[946]: SHA256:Myec3/q4W5Wtsulzib+D9ymIvGYRfrBJaBbYMNrr81I root@ubuntu-xenial
[   10.566054] cloud-init[946]: The key's randomart image is:
[   10.566373] cloud-init[946]: +--[ED25519 256]--+
[   10.566693] cloud-init[946]: |     o+          |
[   10.567012] cloud-init[946]: |    o..o         |
[   10.567331] cloud-init[946]: |   . .  o        |
[   10.567647] cloud-init[946]: |      .= =     o |
[   10.567962] cloud-init[946]: |     .o S *   o .|
[   10.568218] cloud-init[946]: |    .  E @ o . . |
[   10.568533] cloud-init[946]: |     o. . = =o.. |
[   10.568636] cloud-init[946]: |     .o  = =+== .|
[   10.569747] cloud-init[946]: |      ..o.*===+=.|
[   10.569829] cloud-init[946]: +----[SHA256]-----+
] Started LSB: MD monitoring daemon.
[[0;32m  OK  [0m] Started System Logging Service.
[[0;32m  OK  [0m] Started Login to default iSCSI targets.
[[0;32m  OK  [0m] Reached target Remote File Systems (Pre).
[[0;32m  OK  [0m] Reached target Remote File Systems.
         Starting Permit User Sessions...
         Starting LSB: daemon to balance interrupts for SMP systems...
         Starting LSB: automatic crash report generation...
         Starting LSB: Set the CPU Frequency Scaling governor to "ondemand"...
         Starting Authenticate and Authorize Users to Run Privileged Tasks...
[[0;32m  OK  [0m] Started Permit User Sessions.
         Starting Terminate Plymouth Boot Screen...
         Starting Hold until boot process finishes up...
[[0;32m  OK  [0m] Started LSB: automatic crash report generation.
[[0;32m  OK  [0m] Started Authenticate and Authorize Users to Run Privileged Tasks.
[[0;32m  OK  [0m] Started Terminate Plymouth Boot Screen.
[[0;32m  OK  [0m] Started Hold until boot process finishes up.
[[0;32m  OK  [0m] Started Accounts Service.
[[0;32m  OK  [0m] Started LSB: Set the CPU Frequency Scaling governor to "ondemand".
         Starting Set console scheme...
[[0;32m  OK  [0m] Started Serial Getty on ttyS0.
[[0;32m  OK  [0m] Started Getty on tty1.
[[0;32m  OK  [0m] Reached target Login Prompts.
[[0;32m  OK  [0m] Started Set console scheme.
[[0;32m  OK  [0m] Started LXD - container startup/shutdown.
[[0;32m  OK  [0m] Started LSB: daemon to balance interrupts for SMP systems.
[[0;32m  OK  [0m] Started Virtualbox guest utils.
[[0;32m  OK  [0m] Started Snappy daemon.
         Starting Wait until snapd is fully seeded...
[[0;32m  OK  [0m] Started Pollinate to seed the pseudo random number generator.
         Starting OpenBSD Secure Shell server...
[[0;32m  OK  [0m] Started OpenBSD Secure Shell server.
[[0;32m  OK  [0m] Created slice User Slice of vagrant.
         Starting User Manager for UID 1000...
[[0;32m  OK  [0m] Started Session 1 of user vagrant.
[[0;32m  OK  [0m] Started User Manager for UID 1000.
[[0;32m  OK  [0m] Started Wait until snapd is fully seeded.
         Starting Apply the settings specified in cloud-config...
[[0;32m  OK  [0m] Reached target Multi-User System.
[[0;32m  OK  [0m] Reached target Graphical Interface.
         Starting Update UTMP about System Runlevel Changes...
[[0;32m  OK  [0m] Started Update UTMP about System Runlevel Changes.
[   13.245237] cloud-init[1372]: Generating locales (this might take a while)...
[   13.900973] cloud-init[1372]:   en_US.UTF-8... done
[   13.902084] cloud-init[1372]: Generation complete.
[   14.112196] cloud-init[1372]: Cloud-init v. 19.4-33-gbb4131a2-0ubuntu1~16.04.1 running 'modules:config' at Wed, 04 Mar 2020 06:29:44 +0000. Up 13.12 seconds.
[[0;32m  OK  [0m] Started Apply the settings specified in cloud-config.
         Starting Execute cloud user/final scripts...
         Stopping User Manager for UID 1000...
[[0;32m  OK  [0m] Stopped User Manager for UID 1000.
[[0;32m  OK  [0m] Removed slice User Slice of vagrant.
ci-info: no authorized SSH keys fingerprints found for user ubuntu.
<14>Mar  4 06:29:46 ec2: 
<14>Mar  4 06:29:46 ec2: #############################################################
<14>Mar  4 06:29:46 ec2: -----BEGIN SSH HOST KEY FINGERPRINTS-----
<14>Mar  4 06:29:46 ec2: 1024 SHA256:cSmKirktJqjTdipcv5XA6+HOEKGzUrhs+O1IKS7RlUo root@ubuntu-xenial (DSA)
<14>Mar  4 06:29:46 ec2: 256 SHA256:UIhz9X80O+Z8jKSOqFuVT/P7iQc6aHYk5uDHbHskbfU root@ubuntu-xenial (ECDSA)
<14>Mar  4 06:29:46 ec2: 256 SHA256:Myec3/q4W5Wtsulzib+D9ymIvGYRfrBJaBbYMNrr81I root@ubuntu-xenial (ED25519)
<14>Mar  4 06:29:46 ec2: 2048 SHA256:P1IKNdy3r5bXb511mzwT8N/jjbnBemkTTCy5zf+XJ+w root@ubuntu-xenial (RSA)
<14>Mar  4 06:29:46 ec2: -----END SSH HOST KEY FINGERPRINTS-----
<14>Mar  4 06:29:46 ec2: #############################################################
-----BEGIN SSH HOST KEY KEYS-----
ecdsa-sha2-nistp256 AAAAE2VjZHNhLXNoYTItbmlzdHAyNTYAAAAIbmlzdHAyNTYAAABBBDS5DYr0/7epPkry453cgCGnMLkonHpF7KDm57RFnR66yv4g4phomKRqHRXpkcr8ciwesnEBlFrZVmH/kT6BXTw= root@ubuntu-xenial
ssh-ed25519 AAAAC3NzaC1lZDI1NTE5AAAAINKe4pzzTbiK/nAWl6/BhSbq7jNPDncbMmym/5k634A5 root@ubuntu-xenial
ssh-rsa AAAAB3NzaC1yc2EAAAADAQABAAABAQDOu2GR8119YmHWQWWXnQqKoBuj5/+nG5/q8A8bPQqX3c7uBHc9fdqeryhXFkhHd+5/H8gMCBkkIBtP1IbFmhSYYLM37OeGP4oy//UkCU0mMw/neVdze+48Qh2X+b/icJLCWWETMuwKp2t0aVZLN/cRdDvEZRThht83IOCRiBwbi4zoPrUuGpHm3vkfrD3JzUlJ8HS5pkaskBCgWfmZv4ZUpDAFrkMr+DZ+1eUI2Tr9nyMRGC4LECJ+N0Cu2Js+0Qb6soct4zMyLHxaqA7z8au4o5T4ZmjHYd5ypWwDedI51TQ3oQaGe5PQojhpnN3zcVy5Jncq6+ilumDfnGSFIyDh root@ubuntu-xenial
-----END SSH HOST KEY KEYS-----
[   14.546828] cloud-init[1521]: Cloud-init v. 19.4-33-gbb4131a2-0ubuntu1~16.04.1 running 'modules:final' at Wed, 04 Mar 2020 06:29:46 +0000. Up 14.42 seconds.
[   14.565546] cloud-init[1521]: ci-info: no authorized SSH keys fingerprints found for user ubuntu.
[   14.568513] cloud-init[1521]: Cloud-init v. 19.4-33-gbb4131a2-0ubuntu1~16.04.1 finished at Wed, 04 Mar 2020 06:29:46 +0000. Datasource DataSourceNoCloud [seed=/dev/sdb][dsmode=net].  Up 14.54 seconds
[[0;32m  OK  [0m] Started Execute cloud user/final scripts.
[[0;32m  OK  [0m] Reached target Cloud-init target.

Ubuntu 16.04.6 LTS ubuntu-xenial ttyS0

ubuntu-xenial login: [[0;32m  OK  [0m] Stopped target Cloud-init target.
         Stopping Authenticate and Authorize Users to Run Privileged Tasks...
[[0;32m  OK  [0m] Stopped target Timers.
[[0;32m  OK  [0m] Stopped Message of the Day.
[[0;32m  OK  [0m] Stopped Daily apt upgrade and clean activities.
         Stopping User Manager for UID 1000...
         Stopping Session 6 of user vagrant.
[[0;32m  OK  [0m] Stopped target Graphical Interface.
[[0;32m  OK  [0m] Closed Load/Save RF Kill Switch Status /dev/rfkill Watch.
         Stopping Accounts Service...
[[0;32m  OK  [0m] Stopped Daily apt download activities.
[[0;32m  OK  [0m] Stopped target System Time Synchronized.
[[0;32m  OK  [0m] Stopped Execute cloud user/final scripts.
[[0;32m  OK  [0m] Stopped target Multi-User System.
         Stopping OpenBSD Secure Shell server...
         Stopping LSB: automatic crash report generation...
         Stopping LSB: MD monitoring daemon...
         Stopping LSB: Record successful boot for GRUB...
         Stopping LSB: Set the CPU Frequency Scaling governor to "ondemand"...
         Stopping D-Bus System Message Bus...
         Stopping LSB: daemon to balance interrupts for SMP systems...
         Stopping System Logging Service...
[[0;32m  OK  [0m] Stopped target Login Prompts.
         Stopping Getty on tty1...
         Stopping Serial Getty on ttyS0...
         Stopping LXD - container startup/shutdown...
         Stopping Deferred execution scheduler...
         Stopping vboxadd-service.service...
         Stopping Unattended Upgrades Shutdown...
[[0;32m  OK  [0m] Stopped Apply the settings specified in cloud-config.
[[0;32m  OK  [0m] Stopped Wait until snapd is fully seeded.
[[0;32m  OK  [0m] Stopped target Cloud-config availability.
         Stopping ACPI event daemon...
[[0;32m  OK  [0m] Stopped Daily Cleanup of Temporary Directories.
         Stopping Regular background program processing daemon...
         Stopping FUSE filesystem for LXC...
[[0;32m  OK  [0m] Stopped Regular background program processing daemon.
[[0;32m  OK  [0m] Stopped Accounts Service.
[[0;32m  OK  [0m] Stopped Deferred execution scheduler.
[[0;32m  OK  [0m] Stopped Authenticate and Authorize Users to Run Privileged Tasks.
[[0;32m  OK  [0m] Stopped System Logging Service.
[[0;32m  OK  [0m] Stopped Serial Getty on ttyS0.
[[0;32m  OK  [0m] Stopped Getty on tty1.
[[0;32m  OK  [0m] Stopped Unattended Upgrades Shutdown.
[[0;32m  OK  [0m] Stopped OpenBSD Secure Shell server.
[[0;32m  OK  [0m] Stopped User Manager for UID 1000.
[[0;32m  OK  [0m] Stopped Session 6 of user vagrant.
[[0;32m  OK  [0m] Stopped D-Bus System Message Bus.
[[0;32m  OK  [0m] Stopped vboxadd-service.service.
[[0;32m  OK  [0m] Stopped FUSE filesystem for LXC.
[[0;32m  OK  [0m] Unmounted /var/lib/lxcfs.
[[0;32m  OK  [0m] Stopped ACPI event daemon.
[[0;32m  OK  [0m] Stopped LXD - container startup/shutdown.
[[0;32m  OK  [0m] Stopped LSB: Record successful boot for GRUB.
[[0;32m  OK  [0m] Stopped LSB: daemon to balance interrupts for SMP systems.
[[0;32m  OK  [0m] Stopped LSB: automatic crash report generation.
         Stopping vboxadd.service...
[[0;32m  OK  [0m] Removed slice User Slice of vagrant.
         Stopping Login Service...
[[0;32m  OK  [0m] Removed slice system-getty.slice.
[[0;32m  OK  [0m] Removed slice system-serial\x2dgetty.slice.
         Stopping Permit User Sessions...
[[0;32m  OK  [0m] Stopped /etc/rc.local Compatibility.
[[0;32m  OK  [0m] Stopped LSB: MD monitoring daemon.
[[0;32m  OK  [0m] Stopped LSB: Set the CPU Frequency Scaling governor to "ondemand".
[[0;32m  OK  [0m] Stopped Permit User Sessions.
[[0;32m  OK  [0m] Unmounted /vagrant.
[[0;32m  OK  [0m] Stopped target Remote File Systems.
[[0;32m  OK  [0m] Stopped target Remote File Systems (Pre).
         Stopping Login to default iSCSI targets...
[[0;32m  OK  [0m] Stopped vboxadd.service.
[[0;32m  OK  [0m] Stopped Login Service.
[[0;32m  OK  [0m] Stopped target Basic System.
[[0;32m  OK  [0m] Stopped target Slices.
[[0;32m  OK  [0m] Stopped target Sockets.
[[0;32m  OK  [0m] Closed ACPID Listen Socket.
[[0;32m  OK  [0m] Closed D-Bus System Message Bus Socket.
[[0;32m  OK  [0m] Closed Socket activation for snappy daemon.
[[0;32m  OK  [0m] Closed LXD - unix socket.
[[0;32m  OK  [0m] Closed Syslog Socket.
[[0;32m  OK  [0m] Closed UUID daemon activation socket.
[[0;32m  OK  [0m] Stopped target Paths.
[[0;32m  OK  [0m] Stopped Forward Password Requests to Wall Directory Watch.
[[0;32m  OK  [0m] Stopped Dispatch Password Requests to Console Directory Watch.
[[0;32m  OK  [0m] Stopped ACPI Events Check.
[[0;32m  OK  [0m] Stopped target System Initialization.
[[0;32m  OK  [0m] Stopped target Encrypted Volumes.
         Stopping Update UTMP about System Boot/Shutdown...
[[0;32m  OK  [0m] Stopped target Swap.
         Stopping Load/Save Random Seed...
[[0;32m  OK  [0m] Stopped Commit a transient machine-id on disk.
[[0;32m  OK  [0m] Removed slice User and Session Slice.
[[0;32m  OK  [0m] Stopped target User and Group Name Lookups.
[[0;32m  OK  [0m] Stopped Load/Save Random Seed.
[[0;32m  OK  [0m] Stopped Update UTMP about System Boot/Shutdown.
[[0;32m  OK  [0m] Stopped Login to default iSCSI targets.
         Stopping iSCSI initiator daemon (iscsid)...
[[0;32m  OK  [0m] Stopped Create Volatile Files and Directories.
[[0;32m  OK  [0m] Stopped iSCSI initiator daemon (iscsid).
[[0;32m  OK  [0m] Stopped target Network is Online.
[[0;32m  OK  [0m] Stopped Initial cloud-init job (metadata service crawler).
[[0;32m  OK  [0m] Stopped target Network.
         Stopping Raise network interfaces...
[[0;32m  OK  [0m] Stopped Raise network interfaces.
[[0;32m  OK  [0m] Stopped target Local File Systems.
         Unmounting /run/user/1000...
[[0;32m  OK  [0m] Stopped Apply Kernel Variables.
[[0;32m  OK  [0m] Stopped target Network (Pre).
[[0;32m  OK  [0m] Stopped Initial cloud-init job (pre-networking).
[[0;32m  OK  [0m] Stopped Load Kernel Modules.
[[0;32m  OK  [0m] Unmounted /run/user/1000.
[[0;32m  OK  [0m] Reached target Unmount All Filesystems.
[[0;32m  OK  [0m] Stopped target Local File Systems (Pre).
         Stopping Monitoring of LVM2 mirrors... dmeventd or progress polling...
[[0;32m  OK  [0m] Stopped Create Static Device Nodes in /dev.
[[0;32m  OK  [0m] Stopped Remount Root and Kernel File Systems.
[[0;32m  OK  [0m] Reached target Shutdown.
[  656.326910] reboot: Power down
